This file contains any messages produced by compilers while
running configure, to aid debugging if configure makes a mistake.

It was created by bluez-hcidump configure 2.2, which was
generated by GNU Autoconf 2.63.  Invocation command line was

  $ ./configure --host=arm-linux --prefix=/usr

## --------- ##
## Platform. ##
## --------- ##

hostname = f0ad4e006946
uname -m = armv5tel
uname -r = 2.6.36.4
uname -s = Linux
uname -v = #2 PREEMPT Fri Feb 18 15:27:06 MST 2011

/usr/bin/uname -p = unknown
/bin/uname -X     = unknown

/bin/arch              = unknown
/usr/bin/arch -k       = unknown
/usr/convex/getsysinfo = unknown
/usr/bin/hostinfo      = unknown
/bin/machine           = unknown
/usr/bin/oslevel       = unknown
/bin/universe          = unknown

PATH: /usr/local/sbin
PATH: /usr/local/bin
PATH: /usr/sbin
PATH: /usr/bin
PATH: /sbin
PATH: /bin


## ----------- ##
## Core tests. ##
## ----------- ##

configure:1843: checking for a BSD-compatible install
configure:1911: result: /usr/bin/install -c
configure:1922: checking whether build environment is sane
configure:1982: result: yes
configure:2031: checking for arm-linux-strip
configure:2061: result: no
configure:2071: checking for strip
configure:2087: found /usr/bin/strip
configure:2098: result: strip
configure:2123: checking for a thread-safe mkdir -p
configure:2162: result: /bin/mkdir -p
configure:2175: checking for gawk
configure:2205: result: no
configure:2175: checking for mawk
configure:2191: found /usr/bin/mawk
configure:2202: result: mawk
configure:2213: checking whether make sets $(MAKE)
configure:2235: result: yes
configure:2334: checking whether to enable maintainer-specific portions of Makefiles
configure:2343: result: no
configure:2389: checking for arm-linux-gcc
configure:2419: result: no
configure:2429: checking for gcc
configure:2445: found /usr/bin/gcc
configure:2456: result: gcc
configure:2688: checking for C compiler version
configure:2696: gcc --version >&5
gcc (Debian 4.4.5-8) 4.4.5
Copyright (C) 2010 Free Software Foundation, Inc.
This is free software; see the source for copying conditions.  There is NO
warranty; not even for MERCHANTABILITY or FITNESS FOR A PARTICULAR PURPOSE.

configure:2700: $? = 0
configure:2707: gcc -v >&5
Using built-in specs.
Target: arm-linux-gnueabi
Configured with: ../src/configure -v --with-pkgversion='Debian 4.4.5-8' --with-bugurl=file:///usr/share/doc/gcc-4.4/README.Bugs --enable-languages=c,c++,fortran,objc,obj-c++ --prefix=/usr --program-suffix=-4.4 --enable-shared --enable-multiarch --enable-linker-build-id --with-system-zlib --libexecdir=/usr/lib --without-included-gettext --enable-threads=posix --with-gxx-include-dir=/usr/include/c++/4.4 --libdir=/usr/lib --enable-nls --enable-clocale=gnu --enable-libstdcxx-debug --enable-objc-gc --disable-sjlj-exceptions --enable-checking=release --build=arm-linux-gnueabi --host=arm-linux-gnueabi --target=arm-linux-gnueabi
Thread model: posix
gcc version 4.4.5 (Debian 4.4.5-8) 
configure:2711: $? = 0
configure:2718: gcc -V >&5
gcc: '-V' option must have argument
configure:2722: $? = 1
configure:2745: checking for C compiler default output file name
configure:2767: gcc -Wall -O2 -D_FORTIFY_SOURCE=2   conftest.c  >&5
configure:2771: $? = 0
configure:2809: result: a.out
configure:2828: checking whether the C compiler works
configure:2838: ./a.out
configure:2842: $? = 0
configure:2861: result: yes
configure:2868: checking whether we are cross compiling
configure:2870: result: no
configure:2873: checking for suffix of executables
configure:2880: gcc -o conftest -Wall -O2 -D_FORTIFY_SOURCE=2   conftest.c  >&5
configure:2884: $? = 0
configure:2910: result: 
configure:2916: checking for suffix of object files
configure:2942: gcc -c -Wall -O2 -D_FORTIFY_SOURCE=2  conftest.c >&5
configure:2946: $? = 0
configure:2971: result: o
configure:2975: checking whether we are using the GNU C compiler
configure:3004: gcc -c -Wall -O2 -D_FORTIFY_SOURCE=2  conftest.c >&5
configure:3011: $? = 0
configure:3028: result: yes
configure:3037: checking whether gcc accepts -g
configure:3067: gcc -c -g  conftest.c >&5
configure:3074: $? = 0
configure:3175: result: yes
configure:3192: checking for gcc option to accept ISO C89
configure:3266: gcc  -c -Wall -O2 -D_FORTIFY_SOURCE=2  conftest.c >&5
configure:3273: $? = 0
configure:3296: result: none needed
configure:3325: checking for style of include used by make
configure:3353: result: GNU
configure:3378: checking dependency style of gcc
configure:3488: result: gcc3
configure:3504: checking whether gcc accepts -fPIE
configure:3519: result: yes
configure:3536: checking for a BSD-compatible install
configure:3604: result: /usr/bin/install -c
configure:3770: creating ./config.status

## ---------------------- ##
## Running config.status. ##
## ---------------------- ##

This file was extended by bluez-hcidump config.status 2.2, which was
generated by GNU Autoconf 2.63.  Invocation command line was

  CONFIG_FILES    = 
  CONFIG_HEADERS  = 
  CONFIG_LINKS    = 
  CONFIG_COMMANDS = 
  $ ./config.status 

on f0ad4e006946

config.status:763: creating Makefile
config.status:763: creating config.h
config.status:985: config.h is unchanged
config.status:1037: executing depfiles commands

## ---------------- ##
## Cache variables. ##
## ---------------- ##

ac_cv_c_compiler_gnu=yes
ac_cv_env_CC_set=
ac_cv_env_CC_value=
ac_cv_env_CFLAGS_set=
ac_cv_env_CFLAGS_value=
ac_cv_env_CPPFLAGS_set=
ac_cv_env_CPPFLAGS_value=
ac_cv_env_LDFLAGS_set=
ac_cv_env_LDFLAGS_value=
ac_cv_env_LIBS_set=
ac_cv_env_LIBS_value=
ac_cv_env_build_alias_set=
ac_cv_env_build_alias_value=
ac_cv_env_host_alias_set=set
ac_cv_env_host_alias_value=arm-linux
ac_cv_env_target_alias_set=
ac_cv_env_target_alias_value=
ac_cv_objext=o
ac_cv_path_install='/usr/bin/install -c'
ac_cv_path_mkdir=/bin/mkdir
ac_cv_prog_AWK=mawk
ac_cv_prog_ac_ct_CC=gcc
ac_cv_prog_ac_ct_STRIP=strip
ac_cv_prog_cc_c89=
ac_cv_prog_cc_g=yes
ac_cv_prog_cc_pie=yes
ac_cv_prog_make_make_set=yes
am_cv_CC_dependencies_compiler_type=gcc3

## ----------------- ##
## Output variables. ##
## ----------------- ##

ACLOCAL='${SHELL} /var/pwnplug/bluetooth/hcidump/missing --run aclocal-1.11'
AMDEPBACKSLASH='\'
AMDEP_FALSE='#'
AMDEP_TRUE=''
AMTAR='${SHELL} /var/pwnplug/bluetooth/hcidump/missing --run tar'
AM_BACKSLASH='\'
AM_DEFAULT_VERBOSITY='0'
AUTOCONF='${SHELL} /var/pwnplug/bluetooth/hcidump/missing --run autoconf'
AUTOHEADER='${SHELL} /var/pwnplug/bluetooth/hcidump/missing --run autoheader'
AUTOMAKE='${SHELL} /var/pwnplug/bluetooth/hcidump/missing --run automake-1.11'
AWK='mawk'
CC='gcc'
CCDEPMODE='depmode=gcc3'
CFLAGS='-Wall -O2 -D_FORTIFY_SOURCE=2'
CPPFLAGS=''
CYGPATH_W='echo'
DEFS='-DHAVE_CONFIG_H'
DEPDIR='.deps'
ECHO_C=''
ECHO_N='-n'
ECHO_T=''
EXEEXT=''
INSTALL_DATA='${INSTALL} -m 644'
INSTALL_PROGRAM='${INSTALL}'
INSTALL_SCRIPT='${INSTALL}'
INSTALL_STRIP_PROGRAM='$(install_sh) -c -s'
LDFLAGS=''
LIBOBJS=''
LIBS=''
LTLIBOBJS=''
MAINT='#'
MAINTAINER_MODE_FALSE=''
MAINTAINER_MODE_TRUE='#'
MAKEINFO='${SHELL} /var/pwnplug/bluetooth/hcidump/missing --run makeinfo'
MKDIR_P='/bin/mkdir -p'
OBJEXT='o'
PACKAGE='bluez-hcidump'
PACKAGE_BUGREPORT=''
PACKAGE_NAME='bluez-hcidump'
PACKAGE_STRING='bluez-hcidump 2.2'
PACKAGE_TARNAME='bluez-hcidump'
PACKAGE_VERSION='2.2'
PATH_SEPARATOR=':'
SET_MAKE=''
SHELL='/bin/bash'
STRIP='strip'
VERSION='2.2'
ac_ct_CC='gcc'
am__EXEEXT_FALSE=''
am__EXEEXT_TRUE='#'
am__fastdepCC_FALSE='#'
am__fastdepCC_TRUE=''
am__include='include'
am__isrc=''
am__leading_dot='.'
am__quote=''
am__tar='${AMTAR} chof - "$$tardir"'
am__untar='${AMTAR} xf -'
bindir='${exec_prefix}/bin'
build_alias=''
datadir='${datarootdir}'
datarootdir='${prefix}/share'
docdir='${datarootdir}/doc/${PACKAGE_TARNAME}'
dvidir='${docdir}'
exec_prefix='${prefix}'
host_alias='arm-linux'
htmldir='${docdir}'
includedir='${prefix}/include'
infodir='${datarootdir}/info'
install_sh='${SHELL} /var/pwnplug/bluetooth/hcidump/install-sh'
libdir='${exec_prefix}/lib'
libexecdir='${exec_prefix}/libexec'
localedir='${datarootdir}/locale'
localstatedir='${prefix}/var'
mandir='${datarootdir}/man'
mkdir_p='/bin/mkdir -p'
oldincludedir='/usr/include'
pdfdir='${docdir}'
prefix='/usr'
program_transform_name='s,x,x,'
psdir='${docdir}'
sbindir='${exec_prefix}/sbin'
sharedstatedir='${prefix}/com'
sysconfdir='${prefix}/etc'
target_alias=''

## ----------- ##
## confdefs.h. ##
## ----------- ##

#define PACKAGE_NAME "bluez-hcidump"
#define PACKAGE_TARNAME "bluez-hcidump"
#define PACKAGE_VERSION "2.2"
#define PACKAGE_STRING "bluez-hcidump 2.2"
#define PACKAGE_BUGREPORT ""
#define PACKAGE "bluez-hcidump"
#define VERSION "2.2"

configure: exit 0
