This file contains any messages produced by compilers while
running configure, to aid debugging if configure makes a mistake.

It was created by ussp-push configure 0.11.1, which was
generated by GNU Autoconf 2.61.  Invocation command line was

  $ ./configure --host=arm-linux

## --------- ##
## Platform. ##
## --------- ##

hostname = f0ad4e006946
uname -m = armv5tel
uname -r = 2.6.36.4
uname -s = Linux
uname -v = #2 PREEMPT Fri Feb 18 15:27:06 MST 2011

/usr/bin/uname -p = unknown
/bin/uname -X     = unknown

/bin/arch              = unknown
/usr/bin/arch -k       = unknown
/usr/convex/getsysinfo = unknown
/usr/bin/hostinfo      = unknown
/bin/machine           = unknown
/usr/bin/oslevel       = unknown
/bin/universe          = unknown

PATH: /usr/local/sbin
PATH: /usr/local/bin
PATH: /usr/sbin
PATH: /usr/bin
PATH: /sbin
PATH: /bin


## ----------- ##
## Core tests. ##
## ----------- ##

configure:2002: checking for a BSD-compatible install
configure:2058: result: /usr/bin/install -c
configure:2069: checking whether build environment is sane
configure:2112: result: yes
configure:2177: checking for gawk
configure:2207: result: no
configure:2177: checking for mawk
configure:2193: found /usr/bin/mawk
configure:2204: result: mawk
configure:2215: checking whether make sets $(MAKE)
configure:2236: result: yes
configure:2312: checking for arm-linux-strip
configure:2342: result: no
configure:2352: checking for strip
configure:2368: found /usr/bin/strip
configure:2379: result: strip
configure:2430: checking for arm-linux-gcc
configure:2460: result: no
configure:2470: checking for gcc
configure:2486: found /usr/bin/gcc
configure:2497: result: gcc
configure:2735: checking for C compiler version
configure:2742: gcc --version >&5
gcc (Debian 4.4.5-8) 4.4.5
Copyright (C) 2010 Free Software Foundation, Inc.
This is free software; see the source for copying conditions.  There is NO
warranty; not even for MERCHANTABILITY or FITNESS FOR A PARTICULAR PURPOSE.

configure:2745: $? = 0
configure:2752: gcc -v >&5
Using built-in specs.
Target: arm-linux-gnueabi
Configured with: ../src/configure -v --with-pkgversion='Debian 4.4.5-8' --with-bugurl=file:///usr/share/doc/gcc-4.4/README.Bugs --enable-languages=c,c++,fortran,objc,obj-c++ --prefix=/usr --program-suffix=-4.4 --enable-shared --enable-multiarch --enable-linker-build-id --with-system-zlib --libexecdir=/usr/lib --without-included-gettext --enable-threads=posix --with-gxx-include-dir=/usr/include/c++/4.4 --libdir=/usr/lib --enable-nls --enable-clocale=gnu --enable-libstdcxx-debug --enable-objc-gc --disable-sjlj-exceptions --enable-checking=release --build=arm-linux-gnueabi --host=arm-linux-gnueabi --target=arm-linux-gnueabi
Thread model: posix
gcc version 4.4.5 (Debian 4.4.5-8) 
configure:2755: $? = 0
configure:2762: gcc -V >&5
gcc: '-V' option must have argument
configure:2765: $? = 1
configure:2788: checking for C compiler default output file name
configure:2815: gcc    conftest.c  >&5
configure:2818: $? = 0
configure:2856: result: a.out
configure:2873: checking whether the C compiler works
configure:2883: ./a.out
configure:2886: $? = 0
configure:2903: result: yes
configure:2910: checking whether we are cross compiling
configure:2912: result: no
configure:2915: checking for suffix of executables
configure:2922: gcc -o conftest    conftest.c  >&5
configure:2925: $? = 0
configure:2949: result: 
configure:2955: checking for suffix of object files
configure:2981: gcc -c   conftest.c >&5
configure:2984: $? = 0
configure:3007: result: o
configure:3011: checking whether we are using the GNU C compiler
configure:3040: gcc -c   conftest.c >&5
configure:3046: $? = 0
configure:3063: result: yes
configure:3068: checking whether gcc accepts -g
configure:3098: gcc -c -g  conftest.c >&5
configure:3104: $? = 0
configure:3203: result: yes
configure:3220: checking for gcc option to accept ISO C89
configure:3294: gcc  -c -g -O2  conftest.c >&5
configure:3300: $? = 0
configure:3323: result: none needed
configure:3352: checking for style of include used by make
configure:3380: result: GNU
configure:3408: checking dependency style of gcc
configure:3498: result: gcc3
configure:3528: checking for a BSD-compatible install
configure:3584: result: /usr/bin/install -c
configure:3673: checking build system type
configure:3691: result: armv5tel-unknown-linux-gnueabi
configure:3713: checking host system type
configure:3728: result: arm-unknown-linux-gnu
configure:3750: checking for a sed that does not truncate output
configure:3806: result: /bin/sed
configure:3809: checking for grep that handles long lines and -e
configure:3883: result: /bin/grep
configure:3888: checking for egrep
configure:3966: result: /bin/grep -E
configure:3982: checking for ld used by gcc
configure:4049: result: /usr/bin/ld
configure:4058: checking if the linker (/usr/bin/ld) is GNU ld
configure:4073: result: yes
configure:4078: checking for /usr/bin/ld option to reload object files
configure:4085: result: -r
configure:4103: checking for BSD-compatible nm
configure:4152: result: nm
configure:4156: checking whether ln -s works
configure:4160: result: yes
configure:4167: checking how to recognize dependent libraries
configure:4353: result: pass_all
configure:4598: checking how to run the C preprocessor
configure:4638: gcc -E  conftest.c
configure:4644: $? = 0
configure:4675: gcc -E  conftest.c
conftest.c:10:28: error: ac_nonexistent.h: No such file or directory
configure:4681: $? = 1
configure: failed program was:
| /* confdefs.h.  */
| #define PACKAGE_NAME "ussp-push"
| #define PACKAGE_TARNAME "ussp-push"
| #define PACKAGE_VERSION "0.11.1"
| #define PACKAGE_STRING "ussp-push 0.11.1"
| #define PACKAGE_BUGREPORT "Davide Libenzi <davidel@xmailserver.org>"
| #define PACKAGE "ussp-push"
| #define VERSION "0.11.1"
| /* end confdefs.h.  */
| #include <ac_nonexistent.h>
configure:4714: result: gcc -E
configure:4743: gcc -E  conftest.c
configure:4749: $? = 0
configure:4780: gcc -E  conftest.c
conftest.c:10:28: error: ac_nonexistent.h: No such file or directory
configure:4786: $? = 1
configure: failed program was:
| /* confdefs.h.  */
| #define PACKAGE_NAME "ussp-push"
| #define PACKAGE_TARNAME "ussp-push"
| #define PACKAGE_VERSION "0.11.1"
| #define PACKAGE_STRING "ussp-push 0.11.1"
| #define PACKAGE_BUGREPORT "Davide Libenzi <davidel@xmailserver.org>"
| #define PACKAGE "ussp-push"
| #define VERSION "0.11.1"
| /* end confdefs.h.  */
| #include <ac_nonexistent.h>
configure:4824: checking for ANSI C header files
configure:4854: gcc -c -g -O2  conftest.c >&5
configure:4860: $? = 0
configure:4959: gcc -o conftest -g -O2   conftest.c  >&5
configure:4962: $? = 0
configure:4968: ./conftest
configure:4971: $? = 0
configure:4988: result: yes
configure:5012: checking for sys/types.h
configure:5033: gcc -c -g -O2  conftest.c >&5
configure:5039: $? = 0
configure:5055: result: yes
configure:5012: checking for sys/stat.h
configure:5033: gcc -c -g -O2  conftest.c >&5
configure:5039: $? = 0
configure:5055: result: yes
configure:5012: checking for stdlib.h
configure:5033: gcc -c -g -O2  conftest.c >&5
configure:5039: $? = 0
configure:5055: result: yes
configure:5012: checking for string.h
configure:5033: gcc -c -g -O2  conftest.c >&5
configure:5039: $? = 0
configure:5055: result: yes
configure:5012: checking for memory.h
configure:5033: gcc -c -g -O2  conftest.c >&5
configure:5039: $? = 0
configure:5055: result: yes
configure:5012: checking for strings.h
configure:5033: gcc -c -g -O2  conftest.c >&5
configure:5039: $? = 0
configure:5055: result: yes
configure:5012: checking for inttypes.h
configure:5033: gcc -c -g -O2  conftest.c >&5
configure:5039: $? = 0
configure:5055: result: yes
configure:5012: checking for stdint.h
configure:5033: gcc -c -g -O2  conftest.c >&5
configure:5039: $? = 0
configure:5055: result: yes
configure:5012: checking for unistd.h
configure:5033: gcc -c -g -O2  conftest.c >&5
configure:5039: $? = 0
configure:5055: result: yes
configure:5082: checking dlfcn.h usability
configure:5099: gcc -c -g -O2  conftest.c >&5
configure:5105: $? = 0
configure:5119: result: yes
configure:5123: checking dlfcn.h presence
configure:5138: gcc -E  conftest.c
configure:5144: $? = 0
configure:5158: result: yes
configure:5191: checking for dlfcn.h
configure:5199: result: yes
configure:5226: checking for arm-linux-g++
configure:5256: result: no
configure:5226: checking for arm-linux-c++
configure:5256: result: no
configure:5226: checking for arm-linux-gpp
configure:5256: result: no
configure:5226: checking for arm-linux-aCC
configure:5256: result: no
configure:5226: checking for arm-linux-CC
configure:5256: result: no
configure:5226: checking for arm-linux-cxx
configure:5256: result: no
configure:5226: checking for arm-linux-cc++
configure:5256: result: no
configure:5226: checking for arm-linux-cl.exe
configure:5256: result: no
configure:5226: checking for arm-linux-FCC
configure:5256: result: no
configure:5226: checking for arm-linux-KCC
configure:5256: result: no
configure:5226: checking for arm-linux-RCC
configure:5256: result: no
configure:5226: checking for arm-linux-xlC_r
configure:5256: result: no
configure:5226: checking for arm-linux-xlC
configure:5256: result: no
configure:5270: checking for g++
configure:5286: found /usr/bin/g++
configure:5297: result: g++
configure:5328: checking for C++ compiler version
configure:5335: g++ --version >&5
g++ (Debian 4.4.5-8) 4.4.5
Copyright (C) 2010 Free Software Foundation, Inc.
This is free software; see the source for copying conditions.  There is NO
warranty; not even for MERCHANTABILITY or FITNESS FOR A PARTICULAR PURPOSE.

configure:5338: $? = 0
configure:5345: g++ -v >&5
Using built-in specs.
Target: arm-linux-gnueabi
Configured with: ../src/configure -v --with-pkgversion='Debian 4.4.5-8' --with-bugurl=file:///usr/share/doc/gcc-4.4/README.Bugs --enable-languages=c,c++,fortran,objc,obj-c++ --prefix=/usr --program-suffix=-4.4 --enable-shared --enable-multiarch --enable-linker-build-id --with-system-zlib --libexecdir=/usr/lib --without-included-gettext --enable-threads=posix --with-gxx-include-dir=/usr/include/c++/4.4 --libdir=/usr/lib --enable-nls --enable-clocale=gnu --enable-libstdcxx-debug --enable-objc-gc --disable-sjlj-exceptions --enable-checking=release --build=arm-linux-gnueabi --host=arm-linux-gnueabi --target=arm-linux-gnueabi
Thread model: posix
gcc version 4.4.5 (Debian 4.4.5-8) 
configure:5348: $? = 0
configure:5355: g++ -V >&5
g++: '-V' option must have argument
configure:5358: $? = 1
configure:5361: checking whether we are using the GNU C++ compiler
configure:5390: g++ -c   conftest.cpp >&5
configure:5396: $? = 0
configure:5413: result: yes
configure:5418: checking whether g++ accepts -g
configure:5448: g++ -c -g  conftest.cpp >&5
configure:5454: $? = 0
configure:5553: result: yes
configure:5578: checking dependency style of g++
configure:5668: result: gcc3
configure:5695: checking how to run the C++ preprocessor
configure:5731: g++ -E  conftest.cpp
configure:5737: $? = 0
configure:5768: g++ -E  conftest.cpp
conftest.cpp:21:28: error: ac_nonexistent.h: No such file or directory
configure:5774: $? = 1
configure: failed program was:
| /* confdefs.h.  */
| #define PACKAGE_NAME "ussp-push"
| #define PACKAGE_TARNAME "ussp-push"
| #define PACKAGE_VERSION "0.11.1"
| #define PACKAGE_STRING "ussp-push 0.11.1"
| #define PACKAGE_BUGREPORT "Davide Libenzi <davidel@xmailserver.org>"
| #define PACKAGE "ussp-push"
| #define VERSION "0.11.1"
| #define STDC_HEADERS 1
| #define HAVE_SYS_TYPES_H 1
| #define HAVE_SYS_STAT_H 1
| #define HAVE_STDLIB_H 1
| #define HAVE_STRING_H 1
| #define HAVE_MEMORY_H 1
| #define HAVE_STRINGS_H 1
| #define HAVE_INTTYPES_H 1
| #define HAVE_STDINT_H 1
| #define HAVE_UNISTD_H 1
| #define HAVE_DLFCN_H 1
| /* end confdefs.h.  */
| #include <ac_nonexistent.h>
configure:5807: result: g++ -E
configure:5836: g++ -E  conftest.cpp
configure:5842: $? = 0
configure:5873: g++ -E  conftest.cpp
conftest.cpp:21:28: error: ac_nonexistent.h: No such file or directory
configure:5879: $? = 1
configure: failed program was:
| /* confdefs.h.  */
| #define PACKAGE_NAME "ussp-push"
| #define PACKAGE_TARNAME "ussp-push"
| #define PACKAGE_VERSION "0.11.1"
| #define PACKAGE_STRING "ussp-push 0.11.1"
| #define PACKAGE_BUGREPORT "Davide Libenzi <davidel@xmailserver.org>"
| #define PACKAGE "ussp-push"
| #define VERSION "0.11.1"
| #define STDC_HEADERS 1
| #define HAVE_SYS_TYPES_H 1
| #define HAVE_SYS_STAT_H 1
| #define HAVE_STDLIB_H 1
| #define HAVE_STRING_H 1
| #define HAVE_MEMORY_H 1
| #define HAVE_STRINGS_H 1
| #define HAVE_INTTYPES_H 1
| #define HAVE_STDINT_H 1
| #define HAVE_UNISTD_H 1
| #define HAVE_DLFCN_H 1
| /* end confdefs.h.  */
| #include <ac_nonexistent.h>
configure:5928: checking for arm-linux-g77
configure:5958: result: no
configure:5928: checking for arm-linux-xlf
configure:5958: result: no
configure:5928: checking for arm-linux-f77
configure:5958: result: no
configure:5928: checking for arm-linux-frt
configure:5958: result: no
configure:5928: checking for arm-linux-pgf77
configure:5958: result: no
configure:5928: checking for arm-linux-cf77
configure:5958: result: no
configure:5928: checking for arm-linux-fort77
configure:5958: result: no
configure:5928: checking for arm-linux-fl32
configure:5958: result: no
configure:5928: checking for arm-linux-af77
configure:5958: result: no
configure:5928: checking for arm-linux-xlf90
configure:5958: result: no
configure:5928: checking for arm-linux-f90
configure:5958: result: no
configure:5928: checking for arm-linux-pgf90
configure:5958: result: no
configure:5928: checking for arm-linux-pghpf
configure:5958: result: no
configure:5928: checking for arm-linux-epcf90
configure:5958: result: no
configure:5928: checking for arm-linux-gfortran
configure:5958: result: no
configure:5928: checking for arm-linux-g95
configure:5958: result: no
configure:5928: checking for arm-linux-xlf95
configure:5958: result: no
configure:5928: checking for arm-linux-f95
configure:5958: result: no
configure:5928: checking for arm-linux-fort
configure:5958: result: no
configure:5928: checking for arm-linux-ifort
configure:5958: result: no
configure:5928: checking for arm-linux-ifc
configure:5958: result: no
configure:5928: checking for arm-linux-efc
configure:5958: result: no
configure:5928: checking for arm-linux-pgf95
configure:5958: result: no
configure:5928: checking for arm-linux-lf95
configure:5958: result: no
configure:5928: checking for arm-linux-ftn
configure:5958: result: no
configure:5972: checking for g77
configure:6002: result: no
configure:5972: checking for xlf
configure:6002: result: no
configure:5972: checking for f77
configure:6002: result: no
configure:5972: checking for frt
configure:6002: result: no
configure:5972: checking for pgf77
configure:6002: result: no
configure:5972: checking for cf77
configure:6002: result: no
configure:5972: checking for fort77
configure:6002: result: no
configure:5972: checking for fl32
configure:6002: result: no
configure:5972: checking for af77
configure:6002: result: no
configure:5972: checking for xlf90
configure:6002: result: no
configure:5972: checking for f90
configure:6002: result: no
configure:5972: checking for pgf90
configure:6002: result: no
configure:5972: checking for pghpf
configure:6002: result: no
configure:5972: checking for epcf90
configure:6002: result: no
configure:5972: checking for gfortran
configure:6002: result: no
configure:5972: checking for g95
configure:6002: result: no
configure:5972: checking for xlf95
configure:6002: result: no
configure:5972: checking for f95
configure:6002: result: no
configure:5972: checking for fort
configure:6002: result: no
configure:5972: checking for ifort
configure:6002: result: no
configure:5972: checking for ifc
configure:6002: result: no
configure:5972: checking for efc
configure:6002: result: no
configure:5972: checking for pgf95
configure:6002: result: no
configure:5972: checking for lf95
configure:6002: result: no
configure:5972: checking for ftn
configure:6002: result: no
configure:6029: checking for Fortran 77 compiler version
configure:6036:  --version >&5
./configure: line 6037: --version: command not found
configure:6039: $? = 127
configure:6046:  -v >&5
./configure: line 6047: -v: command not found
configure:6049: $? = 127
configure:6056:  -V >&5
./configure: line 6057: -V: command not found
configure:6059: $? = 127
configure:6067: checking whether we are using the GNU Fortran 77 compiler
configure:6086:  -c  conftest.F >&5
./configure: line 6087: -c: command not found
configure:6092: $? = 127
configure: failed program was:
|       program main
| #ifndef __GNUC__
|        choke me
| #endif
| 
|       end
configure:6109: result: no
configure:6115: checking whether  accepts -g
configure:6132:  -c -g conftest.f >&5
./configure: line 6133: -c: command not found
configure:6138: $? = 127
configure: failed program was:
|       program main
| 
|       end
configure:6154: result: no
configure:6183: checking the maximum length of command line arguments
configure:6295: result: 1572864
configure:6307: checking command to parse nm output from gcc object
configure:6412: gcc -c -g -O2  conftest.c >&5
configure:6415: $? = 0
configure:6419: nm conftest.o \| sed -n -e 's/^.*[ 	]\([ABCDGIRSTW][ABCDGIRSTW]*\)[ 	][ 	]*\([_A-Za-z][_A-Za-z0-9]*\)$/\1 \2 \2/p' \> conftest.nm
configure:6422: $? = 0
configure:6474: gcc -o conftest -g -O2   conftest.c conftstm.o >&5
configure:6477: $? = 0
configure:6515: result: ok
configure:6519: checking for objdir
configure:6534: result: .libs
configure:6586: checking for arm-linux-ar
configure:6616: result: no
configure:6626: checking for ar
configure:6642: found /usr/bin/ar
configure:6653: result: ar
configure:6682: checking for arm-linux-ranlib
configure:6712: result: no
configure:6722: checking for ranlib
configure:6738: found /usr/bin/ranlib
configure:6749: result: ranlib
configure:6778: checking for arm-linux-strip
configure:6805: result: strip
configure:7443: checking if gcc supports -fno-rtti -fno-exceptions
configure:7461: gcc -c -g -O2  -fno-rtti -fno-exceptions conftest.c >&5
cc1: warning: command line option "-fno-rtti" is valid for C++/ObjC++ but not for C
configure:7465: $? = 0
configure:7478: result: no
configure:7493: checking for gcc option to produce PIC
configure:7725: result: -fPIC
configure:7733: checking if gcc PIC flag -fPIC works
configure:7751: gcc -c -g -O2  -fPIC -DPIC conftest.c >&5
configure:7755: $? = 0
configure:7768: result: yes
configure:7796: checking if gcc static flag -static works
configure:7824: result: yes
configure:7834: checking if gcc supports -c -o file.o
configure:7855: gcc -c -g -O2  -o out/conftest2.o conftest.c >&5
configure:7859: $? = 0
configure:7881: result: yes
configure:7907: checking whether the gcc linker (/usr/bin/ld) supports shared libraries
configure:8888: result: yes
configure:8909: checking whether -lc should be explicitly linked in
configure:8914: gcc -c -g -O2  conftest.c >&5
configure:8917: $? = 0
configure:8932: gcc -shared conftest.o  -v -Wl,-soname -Wl,conftest -o conftest 2\>\&1 \| grep  -lc  \>/dev/null 2\>\&1
configure:8935: $? = 0
configure:8947: result: no
configure:8955: checking dynamic linker characteristics
configure:9569: result: GNU/Linux ld.so
configure:9593: checking how to hardcode library paths into programs
configure:9618: result: immediate
configure:9632: checking whether stripping libraries is possible
configure:9637: result: yes
configure:10439: checking if libtool supports shared libraries
configure:10441: result: yes
configure:10444: checking whether to build shared libraries
configure:10465: result: yes
configure:10468: checking whether to build static libraries
configure:10472: result: yes
configure:10566: creating libtool
configure:11159: checking for ld used by g++
configure:11226: result: /usr/bin/ld
configure:11235: checking if the linker (/usr/bin/ld) is GNU ld
configure:11250: result: yes
configure:11301: checking whether the g++ linker (/usr/bin/ld) supports shared libraries
configure:12247: result: yes
configure:12264: g++ -c -g -O2  conftest.cpp >&5
configure:12267: $? = 0
configure:12423: checking for g++ option to produce PIC
configure:12707: result: -fPIC
configure:12715: checking if g++ PIC flag -fPIC works
configure:12733: g++ -c -g -O2  -fPIC -DPIC conftest.cpp >&5
configure:12737: $? = 0
configure:12750: result: yes
configure:12778: checking if g++ static flag -static works
configure:12806: result: yes
configure:12816: checking if g++ supports -c -o file.o
configure:12837: g++ -c -g -O2  -o out/conftest2.o conftest.cpp >&5
configure:12841: $? = 0
configure:12863: result: yes
configure:12889: checking whether the g++ linker (/usr/bin/ld) supports shared libraries
configure:12918: result: yes
configure:12985: checking dynamic linker characteristics
configure:13547: result: GNU/Linux ld.so
configure:13571: checking how to hardcode library paths into programs
configure:13596: result: immediate
configure:19852: checking for arm-linux-pkg-config
configure:19885: result: no
configure:19895: checking for pkg-config
configure:19913: found /usr/bin/pkg-config
configure:19925: result: /usr/bin/pkg-config
configure:19954: checking pkg-config is at least version 0.9.0
configure:19957: result: yes
configure:19968: checking for BLUETOOTH
configure:19976: $PKG_CONFIG --exists --print-errors "bluez"
configure:19979: $? = 0
configure:19994: $PKG_CONFIG --exists --print-errors "bluez"
configure:19997: $? = 0
configure:20073: result: yes
configure:20082: checking for OPENOBEX
configure:20090: $PKG_CONFIG --exists --print-errors "openobex"
configure:20093: $? = 0
configure:20108: $PKG_CONFIG --exists --print-errors "openobex"
configure:20111: $? = 0
configure:20187: result: yes
configure:20195: checking for ANSI C header files
configure:20359: result: yes
configure:20394: checking arpa/inet.h usability
configure:20411: gcc -c -g -O2  conftest.c >&5
configure:20417: $? = 0
configure:20431: result: yes
configure:20435: checking arpa/inet.h presence
configure:20450: gcc -E  conftest.c
configure:20456: $? = 0
configure:20470: result: yes
configure:20503: checking for arpa/inet.h
configure:20511: result: yes
configure:20394: checking fcntl.h usability
configure:20411: gcc -c -g -O2  conftest.c >&5
configure:20417: $? = 0
configure:20431: result: yes
configure:20435: checking fcntl.h presence
configure:20450: gcc -E  conftest.c
configure:20456: $? = 0
configure:20470: result: yes
configure:20503: checking for fcntl.h
configure:20511: result: yes
configure:20394: checking netinet/in.h usability
configure:20411: gcc -c -g -O2  conftest.c >&5
configure:20417: $? = 0
configure:20431: result: yes
configure:20435: checking netinet/in.h presence
configure:20450: gcc -E  conftest.c
configure:20456: $? = 0
configure:20470: result: yes
configure:20503: checking for netinet/in.h
configure:20511: result: yes
configure:20384: checking for stdint.h
configure:20390: result: yes
configure:20384: checking for stdlib.h
configure:20390: result: yes
configure:20384: checking for string.h
configure:20390: result: yes
configure:20394: checking sys/ioctl.h usability
configure:20411: gcc -c -g -O2  conftest.c >&5
configure:20417: $? = 0
configure:20431: result: yes
configure:20435: checking sys/ioctl.h presence
configure:20450: gcc -E  conftest.c
configure:20456: $? = 0
configure:20470: result: yes
configure:20503: checking for sys/ioctl.h
configure:20511: result: yes
configure:20394: checking sys/socket.h usability
configure:20411: gcc -c -g -O2  conftest.c >&5
configure:20417: $? = 0
configure:20431: result: yes
configure:20435: checking sys/socket.h presence
configure:20450: gcc -E  conftest.c
configure:20456: $? = 0
configure:20470: result: yes
configure:20503: checking for sys/socket.h
configure:20511: result: yes
configure:20394: checking sys/time.h usability
configure:20411: gcc -c -g -O2  conftest.c >&5
configure:20417: $? = 0
configure:20431: result: yes
configure:20435: checking sys/time.h presence
configure:20450: gcc -E  conftest.c
configure:20456: $? = 0
configure:20470: result: yes
configure:20503: checking for sys/time.h
configure:20511: result: yes
configure:20394: checking termios.h usability
configure:20411: gcc -c -g -O2  conftest.c >&5
configure:20417: $? = 0
configure:20431: result: yes
configure:20435: checking termios.h presence
configure:20450: gcc -E  conftest.c
configure:20456: $? = 0
configure:20470: result: yes
configure:20503: checking for termios.h
configure:20511: result: yes
configure:20384: checking for unistd.h
configure:20390: result: yes
configure:20526: checking for an ANSI C-conforming const
configure:20601: gcc -c -g -O2  conftest.c >&5
configure:20607: $? = 0
configure:20622: result: yes
configure:20633: checking for int16_t
configure:20664: gcc -c -g -O2  conftest.c >&5
configure:20670: $? = 0
configure:20699: gcc -c -g -O2  conftest.c >&5
conftest.c: In function 'main':
conftest.c:70: error: size of array 'test_array' is negative
configure:20705: $? = 1
configure: failed program was:
| /* confdefs.h.  */
| #define PACKAGE_NAME "ussp-push"
| #define PACKAGE_TARNAME "ussp-push"
| #define PACKAGE_VERSION "0.11.1"
| #define PACKAGE_STRING "ussp-push 0.11.1"
| #define PACKAGE_BUGREPORT "Davide Libenzi <davidel@xmailserver.org>"
| #define PACKAGE "ussp-push"
| #define VERSION "0.11.1"
| #define STDC_HEADERS 1
| #define HAVE_SYS_TYPES_H 1
| #define HAVE_SYS_STAT_H 1
| #define HAVE_STDLIB_H 1
| #define HAVE_STRING_H 1
| #define HAVE_MEMORY_H 1
| #define HAVE_STRINGS_H 1
| #define HAVE_INTTYPES_H 1
| #define HAVE_STDINT_H 1
| #define HAVE_UNISTD_H 1
| #define HAVE_DLFCN_H 1
| #define STDC_HEADERS 1
| #define HAVE_ARPA_INET_H 1
| #define HAVE_FCNTL_H 1
| #define HAVE_NETINET_IN_H 1
| #define HAVE_STDINT_H 1
| #define HAVE_STDLIB_H 1
| #define HAVE_STRING_H 1
| #define HAVE_SYS_IOCTL_H 1
| #define HAVE_SYS_SOCKET_H 1
| #define HAVE_SYS_TIME_H 1
| #define HAVE_TERMIOS_H 1
| #define HAVE_UNISTD_H 1
| /* end confdefs.h.  */
| #include <stdio.h>
| #ifdef HAVE_SYS_TYPES_H
| # include <sys/types.h>
| #endif
| #ifdef HAVE_SYS_STAT_H
| # include <sys/stat.h>
| #endif
| #ifdef STDC_HEADERS
| # include <stdlib.h>
| # include <stddef.h>
| #else
| # ifdef HAVE_STDLIB_H
| #  include <stdlib.h>
| # endif
| #endif
| #ifdef HAVE_STRING_H
| # if !defined STDC_HEADERS && defined HAVE_MEMORY_H
| #  include <memory.h>
| # endif
| # include <string.h>
| #endif
| #ifdef HAVE_STRINGS_H
| # include <strings.h>
| #endif
| #ifdef HAVE_INTTYPES_H
| # include <inttypes.h>
| #endif
| #ifdef HAVE_STDINT_H
| # include <stdint.h>
| #endif
| #ifdef HAVE_UNISTD_H
| # include <unistd.h>
| #endif
| int
| main ()
| {
| static int test_array [1 - 2 * !((int16_t) ((((int16_t) 1 << (16 - 2)) - 1) * 2 + 1)
| 	         < (int16_t) ((((int16_t) 1 << (16 - 2)) - 1) * 2 + 2))];
| test_array [0] = 0
| 
|   ;
|   return 0;
| }
configure:20734: result: yes
configure:20746: checking whether time.h and sys/time.h may both be included
configure:20776: gcc -c -g -O2  conftest.c >&5
configure:20782: $? = 0
configure:20797: result: yes
configure:20808: checking for uint16_t
configure:20839: gcc -c -g -O2  conftest.c >&5
configure:20845: $? = 0
configure:20866: result: yes
configure:20880: checking for uint32_t
configure:20911: gcc -c -g -O2  conftest.c >&5
configure:20917: $? = 0
configure:20938: result: yes
configure:20956: checking for uint8_t
configure:20987: gcc -c -g -O2  conftest.c >&5
configure:20993: $? = 0
configure:21014: result: yes
configure:21034: checking whether gcc needs -traditional
configure:21076: result: no
configure:21088: checking for stdlib.h
configure:21094: result: yes
configure:21228: checking for GNU libc compatible malloc
configure:21262: gcc -o conftest -g -O2   conftest.c  >&5
configure:21265: $? = 0
configure:21271: ./conftest
configure:21274: $? = 0
configure:21290: result: yes
configure:21334: checking sys/select.h usability
configure:21351: gcc -c -g -O2  conftest.c >&5
configure:21357: $? = 0
configure:21371: result: yes
configure:21375: checking sys/select.h presence
configure:21390: gcc -E  conftest.c
configure:21396: $? = 0
configure:21410: result: yes
configure:21443: checking for sys/select.h
configure:21451: result: yes
configure:21324: checking for sys/socket.h
configure:21330: result: yes
configure:21464: checking types of arguments for select
configure:21502: gcc -c -g -O2  conftest.c >&5
configure:21508: $? = 0
configure:21529: result: int,fd_set *,struct timeval *
configure:21552: checking whether lstat dereferences a symlink specified with a trailing slash
configure:21588: gcc -o conftest -g -O2   conftest.c  >&5
configure:21591: $? = 0
configure:21597: ./conftest
configure:21600: $? = 0
configure:21623: result: yes
configure:21642: checking whether stat accepts an empty string
configure:21672: gcc -o conftest -g -O2   conftest.c  >&5
configure:21675: $? = 0
configure:21681: ./conftest
configure:21684: $? = 0
configure:21700: result: no
configure:21728: checking for bzero
configure:21784: gcc -o conftest -g -O2   conftest.c  >&5
conftest.c:65: warning: conflicting types for built-in function 'bzero'
configure:21790: $? = 0
configure:21808: result: yes
configure:21728: checking for memset
configure:21784: gcc -o conftest -g -O2   conftest.c  >&5
conftest.c:66: warning: conflicting types for built-in function 'memset'
configure:21790: $? = 0
configure:21808: result: yes
configure:21728: checking for select
configure:21784: gcc -o conftest -g -O2   conftest.c  >&5
configure:21790: $? = 0
configure:21808: result: yes
configure:21728: checking for socket
configure:21784: gcc -o conftest -g -O2   conftest.c  >&5
configure:21790: $? = 0
configure:21808: result: yes
configure:21728: checking for strcasecmp
configure:21784: gcc -o conftest -g -O2   conftest.c  >&5
conftest.c:69: warning: conflicting types for built-in function 'strcasecmp'
configure:21790: $? = 0
configure:21808: result: yes
configure:21728: checking for strchr
configure:21784: gcc -o conftest -g -O2   conftest.c  >&5
conftest.c:70: warning: conflicting types for built-in function 'strchr'
configure:21790: $? = 0
configure:21808: result: yes
configure:21728: checking for strdup
configure:21784: gcc -o conftest -g -O2   conftest.c  >&5
conftest.c:71: warning: conflicting types for built-in function 'strdup'
configure:21790: $? = 0
configure:21808: result: yes
configure:21728: checking for strerror
configure:21784: gcc -o conftest -g -O2   conftest.c  >&5
configure:21790: $? = 0
configure:21808: result: yes
configure:21728: checking for strrchr
configure:21784: gcc -o conftest -g -O2   conftest.c  >&5
conftest.c:73: warning: conflicting types for built-in function 'strrchr'
configure:21790: $? = 0
configure:21808: result: yes
configure:21942: creating ./config.status

## ---------------------- ##
## Running config.status. ##
## ---------------------- ##

This file was extended by ussp-push config.status 0.11.1, which was
generated by GNU Autoconf 2.61.  Invocation command line was

  CONFIG_FILES    = 
  CONFIG_HEADERS  = 
  CONFIG_LINKS    = 
  CONFIG_COMMANDS = 
  $ ./config.status 

on f0ad4e006946

config.status:669: creating Makefile
config.status:669: creating src/Makefile
config.status:669: creating doc/Makefile
config.status:669: creating config.h
config.status:928: config.h is unchanged
config.status:974: executing depfiles commands

## ---------------- ##
## Cache variables. ##
## ---------------- ##

ac_cv_build=armv5tel-unknown-linux-gnueabi
ac_cv_c_compiler_gnu=yes
ac_cv_c_const=yes
ac_cv_c_int16_t=yes
ac_cv_c_uint16_t=yes
ac_cv_c_uint32_t=yes
ac_cv_c_uint8_t=yes
ac_cv_cxx_compiler_gnu=yes
ac_cv_env_BLUETOOTH_CFLAGS_set=
ac_cv_env_BLUETOOTH_CFLAGS_value=
ac_cv_env_BLUETOOTH_LIBS_set=
ac_cv_env_BLUETOOTH_LIBS_value=
ac_cv_env_CCC_set=
ac_cv_env_CCC_value=
ac_cv_env_CC_set=
ac_cv_env_CC_value=
ac_cv_env_CFLAGS_set=
ac_cv_env_CFLAGS_value=
ac_cv_env_CPPFLAGS_set=
ac_cv_env_CPPFLAGS_value=
ac_cv_env_CPP_set=
ac_cv_env_CPP_value=
ac_cv_env_CXXCPP_set=
ac_cv_env_CXXCPP_value=
ac_cv_env_CXXFLAGS_set=
ac_cv_env_CXXFLAGS_value=
ac_cv_env_CXX_set=
ac_cv_env_CXX_value=
ac_cv_env_F77_set=
ac_cv_env_F77_value=
ac_cv_env_FFLAGS_set=
ac_cv_env_FFLAGS_value=
ac_cv_env_LDFLAGS_set=
ac_cv_env_LDFLAGS_value=
ac_cv_env_LIBS_set=
ac_cv_env_LIBS_value=
ac_cv_env_OPENOBEX_CFLAGS_set=
ac_cv_env_OPENOBEX_CFLAGS_value=
ac_cv_env_OPENOBEX_LIBS_set=
ac_cv_env_OPENOBEX_LIBS_value=
ac_cv_env_PKG_CONFIG_set=
ac_cv_env_PKG_CONFIG_value=
ac_cv_env_build_alias_set=
ac_cv_env_build_alias_value=
ac_cv_env_host_alias_set=set
ac_cv_env_host_alias_value=arm-linux
ac_cv_env_target_alias_set=
ac_cv_env_target_alias_value=
ac_cv_f77_compiler_gnu=no
ac_cv_func_bzero=yes
ac_cv_func_lstat_dereferences_slashed_symlink=yes
ac_cv_func_malloc_0_nonnull=yes
ac_cv_func_memset=yes
ac_cv_func_select=yes
ac_cv_func_select_args='int,fd_set *,struct timeval *'
ac_cv_func_socket=yes
ac_cv_func_stat_empty_string_bug=no
ac_cv_func_strcasecmp=yes
ac_cv_func_strchr=yes
ac_cv_func_strdup=yes
ac_cv_func_strerror=yes
ac_cv_func_strrchr=yes
ac_cv_header_arpa_inet_h=yes
ac_cv_header_dlfcn_h=yes
ac_cv_header_fcntl_h=yes
ac_cv_header_inttypes_h=yes
ac_cv_header_memory_h=yes
ac_cv_header_netinet_in_h=yes
ac_cv_header_stdc=yes
ac_cv_header_stdint_h=yes
ac_cv_header_stdlib_h=yes
ac_cv_header_string_h=yes
ac_cv_header_strings_h=yes
ac_cv_header_sys_ioctl_h=yes
ac_cv_header_sys_select_h=yes
ac_cv_header_sys_socket_h=yes
ac_cv_header_sys_stat_h=yes
ac_cv_header_sys_time_h=yes
ac_cv_header_sys_types_h=yes
ac_cv_header_termios_h=yes
ac_cv_header_time=yes
ac_cv_header_unistd_h=yes
ac_cv_host=arm-unknown-linux-gnu
ac_cv_objext=o
ac_cv_path_EGREP='/bin/grep -E'
ac_cv_path_GREP=/bin/grep
ac_cv_path_ac_pt_PKG_CONFIG=/usr/bin/pkg-config
ac_cv_path_install='/usr/bin/install -c'
ac_cv_prog_AWK=mawk
ac_cv_prog_CPP='gcc -E'
ac_cv_prog_CXXCPP='g++ -E'
ac_cv_prog_STRIP=strip
ac_cv_prog_ac_ct_AR=ar
ac_cv_prog_ac_ct_CC=gcc
ac_cv_prog_ac_ct_CXX=g++
ac_cv_prog_ac_ct_RANLIB=ranlib
ac_cv_prog_ac_ct_STRIP=strip
ac_cv_prog_cc_c89=
ac_cv_prog_cc_g=yes
ac_cv_prog_cxx_g=yes
ac_cv_prog_f77_g=no
ac_cv_prog_gcc_traditional=no
ac_cv_prog_make_make_set=yes
am_cv_CC_dependencies_compiler_type=gcc3
am_cv_CXX_dependencies_compiler_type=gcc3
lt_cv_deplibs_check_method=pass_all
lt_cv_file_magic_cmd='$MAGIC_CMD'
lt_cv_file_magic_test_file=
lt_cv_ld_reload_flag=-r
lt_cv_objdir=.libs
lt_cv_path_LD=/usr/bin/ld
lt_cv_path_LDCXX=/usr/bin/ld
lt_cv_path_NM=nm
lt_cv_path_SED=/bin/sed
lt_cv_prog_compiler_c_o=yes
lt_cv_prog_compiler_c_o_CXX=yes
lt_cv_prog_compiler_pic_works=yes
lt_cv_prog_compiler_pic_works_CXX=yes
lt_cv_prog_compiler_rtti_exceptions=no
lt_cv_prog_compiler_static_works=yes
lt_cv_prog_compiler_static_works_CXX=yes
lt_cv_prog_gnu_ld=yes
lt_cv_prog_gnu_ldcxx=yes
lt_cv_sys_global_symbol_pipe='sed -n -e '\''s/^.*[ 	]\([ABCDGIRSTW][ABCDGIRSTW]*\)[ 	][ 	]*\([_A-Za-z][_A-Za-z0-9]*\)$/\1 \2 \2/p'\'''
lt_cv_sys_global_symbol_to_c_name_address='sed -n -e '\''s/^: \([^ ]*\) $/  {\"\1\", (lt_ptr) 0},/p'\'' -e '\''s/^[BCDEGRST] \([^ ]*\) \([^ ]*\)$/  {"\2", (lt_ptr) \&\2},/p'\'''
lt_cv_sys_global_symbol_to_cdecl='sed -n -e '\''s/^. .* \(.*\)$/extern int \1;/p'\'''
lt_cv_sys_lib_dlsearch_path_spec='/lib /usr/lib /lib/arm-linux-gnueabi /usr/lib/arm-linux-gnueabi /usr/local/lib '
lt_cv_sys_lib_search_path_spec='/usr/lib/gcc/arm-linux-gnueabi/4.4.5 /usr/lib /lib'
lt_cv_sys_max_cmd_len=1572864
lt_lt_cv_prog_compiler_c_o='"yes"'
lt_lt_cv_prog_compiler_c_o_CXX='"yes"'
lt_lt_cv_sys_global_symbol_pipe='"sed -n -e '\''s/^.*[ 	]\\([ABCDGIRSTW][ABCDGIRSTW]*\\)[ 	][ 	]*\\([_A-Za-z][_A-Za-z0-9]*\\)\$/\\1 \\2 \\2/p'\''"'
lt_lt_cv_sys_global_symbol_to_c_name_address='"sed -n -e '\''s/^: \\([^ ]*\\) \$/  {\\\"\\1\\\", (lt_ptr) 0},/p'\'' -e '\''s/^[BCDEGRST] \\([^ ]*\\) \\([^ ]*\\)\$/  {\"\\2\", (lt_ptr) \\&\\2},/p'\''"'
lt_lt_cv_sys_global_symbol_to_cdecl='"sed -n -e '\''s/^. .* \\(.*\\)\$/extern int \\1;/p'\''"'
pkg_cv_BLUETOOTH_CFLAGS='-I/usr/local/include  '
pkg_cv_BLUETOOTH_LIBS='-L/usr/local/lib -lbluetooth  '
pkg_cv_OPENOBEX_CFLAGS=' '
pkg_cv_OPENOBEX_LIBS='-lopenobex  '

## ----------------- ##
## Output variables. ##
## ----------------- ##

ACLOCAL='${SHELL} /var/pwnplug/bluetooth/ussp-push/source/missing --run aclocal-1.9'
AMDEPBACKSLASH='\'
AMDEP_FALSE='#'
AMDEP_TRUE=''
AMTAR='${SHELL} /var/pwnplug/bluetooth/ussp-push/source/missing --run tar'
AR='ar'
AUTOCONF='${SHELL} /var/pwnplug/bluetooth/ussp-push/source/missing --run autoconf'
AUTOHEADER='${SHELL} /var/pwnplug/bluetooth/ussp-push/source/missing --run autoheader'
AUTOMAKE='${SHELL} /var/pwnplug/bluetooth/ussp-push/source/missing --run automake-1.9'
AWK='mawk'
BLUETOOTH_CFLAGS='-I/usr/local/include  '
BLUETOOTH_LIBS='-L/usr/local/lib -lbluetooth  '
CC='gcc'
CCDEPMODE='depmode=gcc3'
CFLAGS='-g -O2'
CPP='gcc -E'
CPPFLAGS=''
CXX='g++'
CXXCPP='g++ -E'
CXXDEPMODE='depmode=gcc3'
CXXFLAGS='-g -O2'
CYGPATH_W='echo'
DEFS='-DHAVE_CONFIG_H'
DEPDIR='.deps'
DSYMUTIL=''
ECHO='echo'
ECHO_C=''
ECHO_N='-n'
ECHO_T=''
EGREP='/bin/grep -E'
EXEEXT=''
F77=''
FFLAGS=''
GREP='/bin/grep'
INSTALL_DATA='${INSTALL} -m 644'
INSTALL_PROGRAM='${INSTALL}'
INSTALL_SCRIPT='${INSTALL}'
INSTALL_STRIP_PROGRAM='${SHELL} $(install_sh) -c -s'
LDFLAGS=''
LIBOBJS=''
LIBS=''
LIBTOOL='$(SHELL) $(top_builddir)/libtool'
LN_S='ln -s'
LTLIBOBJS=''
MAKEINFO='${SHELL} /var/pwnplug/bluetooth/ussp-push/source/missing --run makeinfo'
NMEDIT=''
OBJEXT='o'
OPENOBEX_CFLAGS=' '
OPENOBEX_LIBS='-lopenobex  '
PACKAGE='ussp-push'
PACKAGE_BUGREPORT='Davide Libenzi <davidel@xmailserver.org>'
PACKAGE_NAME='ussp-push'
PACKAGE_STRING='ussp-push 0.11.1'
PACKAGE_TARNAME='ussp-push'
PACKAGE_VERSION='0.11.1'
PATH_SEPARATOR=':'
PKG_CONFIG='/usr/bin/pkg-config'
RANLIB='ranlib'
SED='/bin/sed'
SET_MAKE=''
SHELL='/bin/bash'
STRIP='strip'
VERSION='0.11.1'
ac_ct_CC='gcc'
ac_ct_CXX='g++'
ac_ct_F77=''
am__fastdepCC_FALSE='#'
am__fastdepCC_TRUE=''
am__fastdepCXX_FALSE='#'
am__fastdepCXX_TRUE=''
am__include='include'
am__leading_dot='.'
am__quote=''
am__tar='${AMTAR} chof - "$$tardir"'
am__untar='${AMTAR} xf -'
bindir='${exec_prefix}/bin'
build='armv5tel-unknown-linux-gnueabi'
build_alias=''
build_cpu='armv5tel'
build_os='linux-gnueabi'
build_vendor='unknown'
datadir='${datarootdir}'
datarootdir='${prefix}/share'
docdir='${datarootdir}/doc/${PACKAGE_TARNAME}'
dvidir='${docdir}'
exec_prefix='${prefix}'
host='arm-unknown-linux-gnu'
host_alias='arm-linux'
host_cpu='arm'
host_os='linux-gnu'
host_vendor='unknown'
htmldir='${docdir}'
includedir='${prefix}/include'
infodir='${datarootdir}/info'
install_sh='/var/pwnplug/bluetooth/ussp-push/source/install-sh'
libdir='${exec_prefix}/lib'
libexecdir='${exec_prefix}/libexec'
localedir='${datarootdir}/locale'
localstatedir='${prefix}/var'
mandir='${datarootdir}/man'
mkdir_p='mkdir -p --'
oldincludedir='/usr/include'
pdfdir='${docdir}'
prefix='/usr/local'
program_transform_name='s,x,x,'
psdir='${docdir}'
sbindir='${exec_prefix}/sbin'
sharedstatedir='${prefix}/com'
sysconfdir='${prefix}/etc'
target_alias=''

## ----------- ##
## confdefs.h. ##
## ----------- ##

#define PACKAGE_NAME "ussp-push"
#define PACKAGE_TARNAME "ussp-push"
#define PACKAGE_VERSION "0.11.1"
#define PACKAGE_STRING "ussp-push 0.11.1"
#define PACKAGE_BUGREPORT "Davide Libenzi <davidel@xmailserver.org>"
#define PACKAGE "ussp-push"
#define VERSION "0.11.1"
#define STDC_HEADERS 1
#define HAVE_SYS_TYPES_H 1
#define HAVE_SYS_STAT_H 1
#define HAVE_STDLIB_H 1
#define HAVE_STRING_H 1
#define HAVE_MEMORY_H 1
#define HAVE_STRINGS_H 1
#define HAVE_INTTYPES_H 1
#define HAVE_STDINT_H 1
#define HAVE_UNISTD_H 1
#define HAVE_DLFCN_H 1
#define STDC_HEADERS 1
#define HAVE_ARPA_INET_H 1
#define HAVE_FCNTL_H 1
#define HAVE_NETINET_IN_H 1
#define HAVE_STDINT_H 1
#define HAVE_STDLIB_H 1
#define HAVE_STRING_H 1
#define HAVE_SYS_IOCTL_H 1
#define HAVE_SYS_SOCKET_H 1
#define HAVE_SYS_TIME_H 1
#define HAVE_TERMIOS_H 1
#define HAVE_UNISTD_H 1
#define TIME_WITH_SYS_TIME 1
#define HAVE_STDLIB_H 1
#define HAVE_MALLOC 1
#define HAVE_SYS_SELECT_H 1
#define HAVE_SYS_SOCKET_H 1
#define SELECT_TYPE_ARG1 int
#define SELECT_TYPE_ARG234 (fd_set *)
#define SELECT_TYPE_ARG5 (struct timeval *)
#define LSTAT_FOLLOWS_SLASHED_SYMLINK 1
#define HAVE_BZERO 1
#define HAVE_MEMSET 1
#define HAVE_SELECT 1
#define HAVE_SOCKET 1
#define HAVE_STRCASECMP 1
#define HAVE_STRCHR 1
#define HAVE_STRDUP 1
#define HAVE_STRERROR 1
#define HAVE_STRRCHR 1

configure: exit 0
